<?xml version="1.0" encoding="UTF-8"?>
<testng-results ignored="0" total="1" passed="1" failed="0" skipped="0">
  <reporter-output>
  </reporter-output>
  <suite started-at="2022-07-16T15:20:55Z" name="com.netflix.runners.TestRunner" finished-at="2022-07-16T15:20:55Z" duration-ms="421">
    <groups>
      <group name="cucumber">
        <method signature="AbstractTestNGCucumberTests.runScenario(io.cucumber.testng.PickleWrapper, io.cucumber.testng.FeatureWrapper)[pri:0, instance:com.netflix.runners.TestRunner@7880cdf3]" name="runScenario" class="io.cucumber.testng.AbstractTestNGCucumberTests"/>
      </group> <!-- cucumber -->
    </groups>
    <test started-at="2022-07-16T15:20:55Z" name="Command line test" finished-at="2022-07-16T15:20:55Z" duration-ms="421">
      <class name="com.netflix.runners.TestRunner">
        <test-method is-config="true" signature="setUpClass()[pri:0, instance:com.netflix.runners.TestRunner@7880cdf3]" started-at="2022-07-16T15:20:55Z" name="setUpClass" finished-at="2022-07-16T15:20:55Z" duration-ms="244" status="PASS">
          <reporter-output>
          </reporter-output>
        </test-method> <!-- setUpClass -->
        <test-method signature="runScenario(io.cucumber.testng.PickleWrapper, io.cucumber.testng.FeatureWrapper)[pri:0, instance:com.netflix.runners.TestRunner@7880cdf3]" started-at="2022-07-16T15:20:55Z" name="runScenario" description="Runs Cucumber Scenarios" data-provider="scenarios" finished-at="2022-07-16T15:20:55Z" duration-ms="139" status="PASS">
          <params>
            <param index="0">
              <value>
                <![CDATA["simple login"]]>
              </value>
            </param>
            <param index="1">
              <value>
                <![CDATA["Optional[login to my netflix account]"]]>
              </value>
            </param>
          </params>
          <reporter-output>
          </reporter-output>
        </test-method> <!-- runScenario -->
        <test-method is-config="true" signature="tearDownClass()[pri:0, instance:com.netflix.runners.TestRunner@7880cdf3]" started-at="2022-07-16T15:20:55Z" name="tearDownClass" finished-at="2022-07-16T15:20:55Z" duration-ms="11" status="PASS">
          <reporter-output>
          </reporter-output>
        </test-method> <!-- tearDownClass -->
      </class> <!-- com.netflix.runners.TestRunner -->
    </test> <!-- Command line test -->
  </suite> <!-- com.netflix.runners.TestRunner -->
</testng-results>
