<?xml version="1.0" encoding="UTF-8"?>
<testng-results ignored="0" total="1" passed="1" failed="0" skipped="0">
  <reporter-output>
  </reporter-output>
  <suite started-at="2022-07-18T03:55:18Z" name="Default suite" finished-at="2022-07-18T03:55:24Z" duration-ms="5810">
    <groups>
      <group name="cucumber">
        <method signature="AbstractTestNGCucumberTests.runScenario(io.cucumber.testng.PickleWrapper, io.cucumber.testng.FeatureWrapper)[pri:0, instance:com.netflix.runners.TestRunner@1b45c0e]" name="runScenario" class="io.cucumber.testng.AbstractTestNGCucumberTests"/>
      </group> <!-- cucumber -->
    </groups>
    <test started-at="2022-07-18T03:55:18Z" name="Default test" finished-at="2022-07-18T03:55:24Z" duration-ms="5810">
      <class name="com.netflix.runners.TestRunner">
        <test-method is-config="true" signature="setUpClass()[pri:0, instance:com.netflix.runners.TestRunner@1b45c0e]" started-at="2022-07-18T03:55:18Z" name="setUpClass" finished-at="2022-07-18T03:55:18Z" duration-ms="284" status="PASS">
          <reporter-output>
          </reporter-output>
        </test-method> <!-- setUpClass -->
        <test-method signature="runScenario(io.cucumber.testng.PickleWrapper, io.cucumber.testng.FeatureWrapper)[pri:0, instance:com.netflix.runners.TestRunner@1b45c0e]" started-at="2022-07-18T03:55:18Z" name="runScenario" description="Runs Cucumber Scenarios" data-provider="scenarios" finished-at="2022-07-18T03:55:24Z" duration-ms="5480" status="PASS">
          <params>
            <param index="0">
              <value>
                <![CDATA["simple login"]]>
              </value>
            </param>
            <param index="1">
              <value>
                <![CDATA["Optional[login to my netflix account]"]]>
              </value>
            </param>
          </params>
          <reporter-output>
          </reporter-output>
        </test-method> <!-- runScenario -->
        <test-method is-config="true" signature="tearDownClass()[pri:0, instance:com.netflix.runners.TestRunner@1b45c0e]" started-at="2022-07-18T03:55:24Z" name="tearDownClass" finished-at="2022-07-18T03:55:24Z" duration-ms="22" status="PASS">
          <reporter-output>
          </reporter-output>
        </test-method> <!-- tearDownClass -->
      </class> <!-- com.netflix.runners.TestRunner -->
    </test> <!-- Default test -->
  </suite> <!-- Default suite -->
</testng-results>
